C51 COMPILER V9.56.0.0   MAIN                                                              03/24/2020 14:47:11 PAGE 1   


C51 COMPILER V9.56.0.0, COMPILATION OF MODULE MAIN
OBJECT MODULE PLACED IN .\Objects\main.obj
COMPILER INVOKED BY: C:\Keil_v5\C51\BIN\C51.EXE main.c OPTIMIZE(8,SPEED) BROWSE DEBUG OBJECTEXTEND PRINT(.\Listings\main
                    -.lst) TABS(2) OBJECT(.\Objects\main.obj)

line level    source

   1          #include <REGX51.H>
   2          
   3          void delay_ms(int i)
   4          {
   5   1        
   6   1        
   7   1      }
*** WARNING C280 IN LINE 3 OF main.c: 'i': unreferenced local variable
   8          
   9          
  10          void main()
  11          {
  12   1        int key_dat;  
  13   1        while(1)
  14   1        {
  15   2          if(P1!=0xff)
  16   2          {
  17   3            delay_ms(100);
  18   3            if(P1!=0xff)
  19   3            {
  20   4              if(P1==0xfe)key_dat=0;
  21   4              else if(P1==0xfd)key_dat=1;
  22   4              else if(P1==0xfb)key_dat=2;
  23   4              ....        
*** ERROR C141 IN LINE 23 OF main.c: syntax error near '...'
  24   4            }   
  25   3          }
  26   2          
  27   2      //    dis_play(key_dat);
  28   2      
  29   2          
  30   2        } 
  31   1      }

C51 COMPILATION COMPLETE.  1 WARNING(S),  1 ERROR(S)
